<?xml version="1.0" encoding="UTF-8"?>
<!-- Generated by org.testng.reporters.JUnitXMLReporter -->
<testsuite ignored="0" hostname="PF46H4BR" failures="0" tests="1" name="Test" time="14.057" errors="0" timestamp="2024-11-05T22:43:26 IST">
  <testcase classname="Base.BaseTest" name="@AfterMethod AfterMethodMethod" time="0.022">
    <failure type="java.lang.NullPointerException" message="Cannot invoke &amp;quot;org.openqa.selenium.WebDriver.quit()&amp;quot; because &amp;quot;Base.BaseTest.driver&amp;quot; is null">
      <![CDATA[java.lang.NullPointerException: Cannot invoke "org.openqa.selenium.WebDriver.quit()" because "Base.BaseTest.driver" is null
at Base.BaseTest.AfterMethodMethod(BaseTest.java:60)
at java.base/java.util.ArrayList.forEach(ArrayList.java:1511)
... Removed 32 stack frames]]>
    </failure>
  </testcase> <!-- @AfterMethod AfterMethodMethod -->
  <testcase classname="qa.test.TestCase1" name="sampleMethodToOpenAmazon" time="1.717"/>
</testsuite> <!-- Test -->
